[Tue Nov 27 13:51:21.950277 2018] [mpm_prefork:notice] [pid 4447] AH00163: Apache/2.4.29 (Ubuntu) mod_wsgi/4.5.17 Python/2.7 configured -- resuming normal operations
[Tue Nov 27 13:51:21.977682 2018] [core:notice] [pid 4447] AH00094: Command line: '/usr/sbin/apache2 -d /home/alumnos/e338232/apache2/etc/apache2 -f /home/alumnos/e338232/apache2/etc/apache2/apache2.conf'
[Tue Nov 27 13:59:07.820051 2018] [wsgi:error] [pid 4453] [client 127.0.0.1:40030] Target WSGI script not found or unable to stat: /home/alumnos/e338232/apache2/var/www/html/hello.wsgi
[Tue Nov 27 13:59:17.254469 2018] [wsgi:error] [pid 4455] /home/alumnos/e338232/apache2/var/www/html/si1pyenv/lib/python2.7/site-packages/psycopg2/__init__.py:144: UserWarning: The psycopg2 wheel package will be renamed from release 2.8; in order to keep installing from binary please use "pip install psycopg2-binary" instead. For details see: <http://initd.org/psycopg/docs/install.html#binary-install-from-pypi>.
[Tue Nov 27 13:59:17.254501 2018] [wsgi:error] [pid 4455]   """)
[Tue Nov 27 13:59:24.917573 2018] [wsgi:error] [pid 4456] /home/alumnos/e338232/apache2/var/www/html/si1pyenv/lib/python2.7/site-packages/psycopg2/__init__.py:144: UserWarning: The psycopg2 wheel package will be renamed from release 2.8; in order to keep installing from binary please use "pip install psycopg2-binary" instead. For details see: <http://initd.org/psycopg/docs/install.html#binary-install-from-pypi>.
[Tue Nov 27 13:59:24.917599 2018] [wsgi:error] [pid 4456]   """)
[Tue Nov 27 13:59:31.085387 2018] [wsgi:error] [pid 4454] /home/alumnos/e338232/apache2/var/www/html/si1pyenv/lib/python2.7/site-packages/psycopg2/__init__.py:144: UserWarning: The psycopg2 wheel package will be renamed from release 2.8; in order to keep installing from binary please use "pip install psycopg2-binary" instead. For details see: <http://initd.org/psycopg/docs/install.html#binary-install-from-pypi>.
[Tue Nov 27 13:59:31.085410 2018] [wsgi:error] [pid 4454]   """)
[Tue Nov 27 13:59:31.088319 2018] [wsgi:error] [pid 4457] /home/alumnos/e338232/apache2/var/www/html/si1pyenv/lib/python2.7/site-packages/psycopg2/__init__.py:144: UserWarning: The psycopg2 wheel package will be renamed from release 2.8; in order to keep installing from binary please use "pip install psycopg2-binary" instead. For details see: <http://initd.org/psycopg/docs/install.html#binary-install-from-pypi>.
[Tue Nov 27 13:59:31.088341 2018] [wsgi:error] [pid 4457]   """)
[Tue Nov 27 13:59:31.130560 2018] [wsgi:error] [pid 4453] /home/alumnos/e338232/apache2/var/www/html/si1pyenv/lib/python2.7/site-packages/psycopg2/__init__.py:144: UserWarning: The psycopg2 wheel package will be renamed from release 2.8; in order to keep installing from binary please use "pip install psycopg2-binary" instead. For details see: <http://initd.org/psycopg/docs/install.html#binary-install-from-pypi>.
[Tue Nov 27 13:59:31.130580 2018] [wsgi:error] [pid 4453]   """)
[Tue Nov 27 13:59:31.352626 2018] [wsgi:error] [pid 4980] /home/alumnos/e338232/apache2/var/www/html/si1pyenv/lib/python2.7/site-packages/psycopg2/__init__.py:144: UserWarning: The psycopg2 wheel package will be renamed from release 2.8; in order to keep installing from binary please use "pip install psycopg2-binary" instead. For details see: <http://initd.org/psycopg/docs/install.html#binary-install-from-pypi>.
[Tue Nov 27 13:59:31.352652 2018] [wsgi:error] [pid 4980]   """)
[Tue Nov 27 13:59:56.476005 2018] [wsgi:error] [pid 4453] [client 127.0.0.1:40046] mod_wsgi (pid=4453): Exception occurred processing WSGI script '/home/alumnos/e338232/apache2/var/www/html/peordede5.wsgi'., referer: http://localhost:8080/peordede5.wsgi/
[Tue Nov 27 13:59:56.476062 2018] [wsgi:error] [pid 4453] [client 127.0.0.1:40046] IOError: Apache/mod_wsgi failed to write response data: Broken pipe., referer: http://localhost:8080/peordede5.wsgi/
[Tue Nov 27 14:00:06.894596 2018] [wsgi:error] [pid 4995] /home/alumnos/e338232/apache2/var/www/html/si1pyenv/lib/python2.7/site-packages/psycopg2/__init__.py:144: UserWarning: The psycopg2 wheel package will be renamed from release 2.8; in order to keep installing from binary please use "pip install psycopg2-binary" instead. For details see: <http://initd.org/psycopg/docs/install.html#binary-install-from-pypi>.
[Tue Nov 27 14:00:06.894638 2018] [wsgi:error] [pid 4995]   """)
[Tue Nov 27 14:00:06.896694 2018] [wsgi:error] [pid 4996] /home/alumnos/e338232/apache2/var/www/html/si1pyenv/lib/python2.7/site-packages/psycopg2/__init__.py:144: UserWarning: The psycopg2 wheel package will be renamed from release 2.8; in order to keep installing from binary please use "pip install psycopg2-binary" instead. For details see: <http://initd.org/psycopg/docs/install.html#binary-install-from-pypi>.
[Tue Nov 27 14:00:06.896717 2018] [wsgi:error] [pid 4996]   """)
[Tue Nov 27 14:00:10.096312 2018] [wsgi:error] [pid 4998] /home/alumnos/e338232/apache2/var/www/html/si1pyenv/lib/python2.7/site-packages/psycopg2/__init__.py:144: UserWarning: The psycopg2 wheel package will be renamed from release 2.8; in order to keep installing from binary please use "pip install psycopg2-binary" instead. For details see: <http://initd.org/psycopg/docs/install.html#binary-install-from-pypi>.
[Tue Nov 27 14:00:10.096340 2018] [wsgi:error] [pid 4998]   """)
[Tue Nov 27 14:00:10.135817 2018] [wsgi:error] [pid 4997] /home/alumnos/e338232/apache2/var/www/html/si1pyenv/lib/python2.7/site-packages/psycopg2/__init__.py:144: UserWarning: The psycopg2 wheel package will be renamed from release 2.8; in order to keep installing from binary please use "pip install psycopg2-binary" instead. For details see: <http://initd.org/psycopg/docs/install.html#binary-install-from-pypi>.
[Tue Nov 27 14:00:10.135841 2018] [wsgi:error] [pid 4997]   """)
[Tue Nov 27 14:00:12.854455 2018] [wsgi:error] [pid 4531] /home/alumnos/e338232/apache2/var/www/html/si1pyenv/lib/python2.7/site-packages/psycopg2/__init__.py:144: UserWarning: The psycopg2 wheel package will be renamed from release 2.8; in order to keep installing from binary please use "pip install psycopg2-binary" instead. For details see: <http://initd.org/psycopg/docs/install.html#binary-install-from-pypi>.
[Tue Nov 27 14:00:12.854478 2018] [wsgi:error] [pid 4531]   """)
[Tue Nov 27 14:01:33.932239 2018] [wsgi:error] [pid 5022] /home/alumnos/e338232/apache2/var/www/html/si1pyenv/lib/python2.7/site-packages/psycopg2/__init__.py:144: UserWarning: The psycopg2 wheel package will be renamed from release 2.8; in order to keep installing from binary please use "pip install psycopg2-binary" instead. For details see: <http://initd.org/psycopg/docs/install.html#binary-install-from-pypi>.
[Tue Nov 27 14:01:33.932272 2018] [wsgi:error] [pid 5022]   """)
